<?xml version="1.0" encoding="UTF-8"?>
<!-- Generated by org.testng.reporters.JUnitXMLReporter -->
<testsuite ignored="0" hostname="Ajays-MacBook-Air.local" failures="0" tests="3" name="Default test" time="0.245" errors="0" timestamp="2022-03-05T10:52:07 IST">
  <testcase classname="TestNG.TestNGDataProvider" name="loginTest" time="0.041"/>
  <testcase classname="TestNG.TestNGDataProvider" name="loginTest" time="0.004"/>
  <testcase classname="TestNG.TestNGDataProvider" name="loginTest" time="0.021"/>
</testsuite> <!-- Default test -->
