<?xml version="1.0" encoding="UTF-8"?>
<!-- Generated by org.testng.reporters.JUnitXMLReporter -->
<testsuite ignored="0" hostname="Ajays-MacBook-Air.local" failures="1" tests="10" name="Test" time="12.882" errors="0" timestamp="2022-03-04T17:00:01 IST">
  <testcase classname="TestNG.LoginNewTest" name="m1" time="0.042"/>
  <testcase classname="TestNG.LoginNewTest" name="m2" time="0.002"/>
  <testcase classname="TestNG.LoginNewTest" name="m3" time="0.036"/>
  <testcase classname="TestNG.LoginNewTest" name="m4" time="0.003"/>
  <testcase classname="TestNG.AssertionDemo" name="validateTitleTC" time="0.014">
    <failure type="java.lang.AssertionError" message="expected:&amp;lt;OrangeHRM India&amp;gt; but was:&amp;lt;OrangeHRM&amp;gt;">
      <![CDATA[java.lang.AssertionError: expected:<OrangeHRM India> but was:<OrangeHRM>
at TestNG.AssertionDemo.validateTitleTC(AssertionDemo.java:28)
at java.base/java.util.ArrayList.forEach(ArrayList.java:1507)
... Removed 29 stack frames]]>
    </failure>
  </testcase> <!-- validateTitleTC -->
  <testcase classname="TestNG.LoginTest" name="login" time="0.003"/>
  <testcase classname="TestNG.LoginTest" name="validateTitle" time="0.011"/>
  <testcase classname="TestNG.LoginTest" name="abc" time="0.007"/>
  <testcase classname="TestNG.LoginTest" name="sendFriendRequest" time="0.003"/>
  <testcase classname="TestNG.LoginTest" name="receiveFriendRequest" time="0.003"/>
</testsuite> <!-- Test -->
