<?xml version="1.0" encoding="UTF-8"?>
<testng-results ignored="0" total="3" passed="3" failed="0" skipped="0">
  <reporter-output>
  </reporter-output>
  <suite started-at="2022-03-05T10:52:01 IST" name="Default suite" finished-at="2022-03-05T10:52:02 IST" duration-ms="245">
    <groups>
    </groups>
    <test started-at="2022-03-05T10:52:01 IST" name="Default test" finished-at="2022-03-05T10:52:02 IST" duration-ms="245">
      <class name="TestNG.TestNGDataProvider">
        <test-method signature="loginTest(java.lang.Object,java.lang.Object)[pri:0, instance:TestNG.TestNGDataProvider@233fe9b6]" started-at="2022-03-05T10:52:01 IST" name="loginTest" data-provider="getLoginData" finished-at="2022-03-05T10:52:02 IST" duration-ms="41" status="PASS">
          <params>
            <param index="0">
              <value>
                <![CDATA[admin]]>
              </value>
            </param>
            <param index="1">
              <value>
                <![CDATA[admin123]]>
              </value>
            </param>
          </params>
          <reporter-output>
          </reporter-output>
        </test-method> <!-- loginTest -->
        <test-method signature="loginTest(java.lang.Object,java.lang.Object)[pri:0, instance:TestNG.TestNGDataProvider@233fe9b6]" started-at="2022-03-05T10:52:02 IST" name="loginTest" data-provider="getLoginData" finished-at="2022-03-05T10:52:02 IST" duration-ms="4" status="PASS">
          <params>
            <param index="0">
              <value>
                <![CDATA[hr]]>
              </value>
            </param>
            <param index="1">
              <value>
                <![CDATA[hr123]]>
              </value>
            </param>
          </params>
          <reporter-output>
          </reporter-output>
        </test-method> <!-- loginTest -->
        <test-method signature="loginTest(java.lang.Object,java.lang.Object)[pri:0, instance:TestNG.TestNGDataProvider@233fe9b6]" started-at="2022-03-05T10:52:02 IST" name="loginTest" data-provider="getLoginData" finished-at="2022-03-05T10:52:02 IST" duration-ms="21" status="PASS">
          <params>
            <param index="0">
              <value>
                <![CDATA[manager]]>
              </value>
            </param>
            <param index="1">
              <value>
                <![CDATA[manager123]]>
              </value>
            </param>
          </params>
          <reporter-output>
          </reporter-output>
        </test-method> <!-- loginTest -->
      </class> <!-- TestNG.TestNGDataProvider -->
    </test> <!-- Default test -->
  </suite> <!-- Default suite -->
</testng-results>
